<?xml version="1.0" encoding="UTF-8"?>
<!-- Generated by org.testng.reporters.JUnitXMLReporter -->
<testsuite ignored="0" hostname="DESKTOP-BDS3F58" failures="3" tests="3" name="ChromeTest" time="72.502" errors="0" timestamp="2021-02-19T14:02:14 IST">
  <testcase classname="SwiggyTests.SwiggyTest" name="SwiggyRegister" time="16.594">
    <failure type="java.lang.NoClassDefFoundError" message="org/apache/commons/compress/archivers/zip/ZipFile">
      <![CDATA[java.lang.NoClassDefFoundError: org/apache/commons/compress/archivers/zip/ZipFile
at org.apache.poi.openxml4j.opc.OPCPackage.create(OPCPackage.java:379)
at org.apache.poi.xssf.usermodel.XSSFWorkbook.newPackage(XSSFWorkbook.java:488)
at org.apache.poi.xssf.usermodel.XSSFWorkbook.<init>(XSSFWorkbook.java:253)
at org.apache.poi.xssf.usermodel.XSSFWorkbook.<init>(XSSFWorkbook.java:249)
at org.apache.poi.xssf.usermodel.XSSFWorkbook.<init>(XSSFWorkbook.java:237)
at SwiggyTests.SwiggyTest.SwiggyRegister(SwiggyTest.java:62)
at java.base/java.util.ArrayList.forEach(ArrayList.java:1511)
Caused by: java.lang.ClassNotFoundException: org.apache.commons.compress.archivers.zip.ZipFile
at java.base/jdk.internal.loader.BuiltinClassLoader.loadClass(BuiltinClassLoader.java:602)
at java.base/jdk.internal.loader.ClassLoaders$AppClassLoader.loadClass(ClassLoaders.java:178)
at java.base/java.lang.ClassLoader.loadClass(ClassLoader.java:522)
... 34 more
... Removed 27 stack frames]]>
    </failure>
  </testcase> <!-- SwiggyRegister -->
  <testcase classname="SwiggyTests.SwiggyTest" name="SwiggyRegister" time="7.627">
    <failure type="java.lang.NoClassDefFoundError" message="org/apache/commons/compress/archivers/zip/ZipFile">
      <![CDATA[java.lang.NoClassDefFoundError: org/apache/commons/compress/archivers/zip/ZipFile
at org.apache.poi.openxml4j.opc.OPCPackage.create(OPCPackage.java:379)
at org.apache.poi.xssf.usermodel.XSSFWorkbook.newPackage(XSSFWorkbook.java:488)
at org.apache.poi.xssf.usermodel.XSSFWorkbook.<init>(XSSFWorkbook.java:253)
at org.apache.poi.xssf.usermodel.XSSFWorkbook.<init>(XSSFWorkbook.java:249)
at org.apache.poi.xssf.usermodel.XSSFWorkbook.<init>(XSSFWorkbook.java:237)
at SwiggyTests.SwiggyTest.SwiggyRegister(SwiggyTest.java:62)
at java.base/java.util.ArrayList.forEach(ArrayList.java:1511)
Caused by: java.lang.ClassNotFoundException: org.apache.commons.compress.archivers.zip.ZipFile
at java.base/jdk.internal.loader.BuiltinClassLoader.loadClass(BuiltinClassLoader.java:602)
at java.base/jdk.internal.loader.ClassLoaders$AppClassLoader.loadClass(ClassLoaders.java:178)
at java.base/java.lang.ClassLoader.loadClass(ClassLoader.java:522)
... 34 more
... Removed 27 stack frames]]>
    </failure>
  </testcase> <!-- SwiggyRegister -->
  <testcase classname="SwiggyTests.SwiggyTest" name="SwiggyRegister" time="4.991">
    <failure type="java.lang.NoClassDefFoundError" message="org/apache/commons/compress/archivers/zip/ZipFile">
      <![CDATA[java.lang.NoClassDefFoundError: org/apache/commons/compress/archivers/zip/ZipFile
at org.apache.poi.openxml4j.opc.OPCPackage.create(OPCPackage.java:379)
at org.apache.poi.xssf.usermodel.XSSFWorkbook.newPackage(XSSFWorkbook.java:488)
at org.apache.poi.xssf.usermodel.XSSFWorkbook.<init>(XSSFWorkbook.java:253)
at org.apache.poi.xssf.usermodel.XSSFWorkbook.<init>(XSSFWorkbook.java:249)
at org.apache.poi.xssf.usermodel.XSSFWorkbook.<init>(XSSFWorkbook.java:237)
at SwiggyTests.SwiggyTest.SwiggyRegister(SwiggyTest.java:62)
at java.base/java.util.ArrayList.forEach(ArrayList.java:1511)
Caused by: java.lang.ClassNotFoundException: org.apache.commons.compress.archivers.zip.ZipFile
at java.base/jdk.internal.loader.BuiltinClassLoader.loadClass(BuiltinClassLoader.java:602)
at java.base/jdk.internal.loader.ClassLoaders$AppClassLoader.loadClass(ClassLoaders.java:178)
at java.base/java.lang.ClassLoader.loadClass(ClassLoader.java:522)
... 34 more
... Removed 27 stack frames]]>
    </failure>
  </testcase> <!-- SwiggyRegister -->
</testsuite> <!-- ChromeTest -->
