<?xml version="1.0" encoding="UTF-8"?>
<!-- Generated by org.testng.reporters.JUnitXMLReporter -->
<testsuite ignored="0" hostname="DESKTOP-BDS3F58" failures="3" tests="3" name="EdgeTest" time="112.218" errors="0" timestamp="2021-02-19T13:34:17 IST">
  <testcase classname="SwiggyTests.SwiggyTest" name="SwiggyRegister" time="15.436">
    <failure type="java.lang.NullPointerException" message="Cannot invoke &amp;quot;jxl.write.WritableWorkbook.getSheet(String)&amp;quot; because &amp;quot;SwiggyTests.SwiggyTest.wwbCopy&amp;quot; is null">
      <![CDATA[java.lang.NullPointerException: Cannot invoke "jxl.write.WritableWorkbook.getSheet(String)" because "SwiggyTests.SwiggyTest.wwbCopy" is null
at SwiggyTests.SwiggyTest.setValueIntoCell(SwiggyTest.java:146)
at SwiggyTests.SwiggyTest.SwiggyRegister(SwiggyTest.java:60)
at java.base/java.util.ArrayList.forEach(ArrayList.java:1511)
... Removed 27 stack frames]]>
    </failure>
  </testcase> <!-- SwiggyRegister -->
  <testcase classname="SwiggyTests.SwiggyTest" name="SwiggyRegister" time="15.844">
    <failure type="java.lang.NullPointerException" message="Cannot invoke &amp;quot;jxl.write.WritableWorkbook.getSheet(String)&amp;quot; because &amp;quot;SwiggyTests.SwiggyTest.wwbCopy&amp;quot; is null">
      <![CDATA[java.lang.NullPointerException: Cannot invoke "jxl.write.WritableWorkbook.getSheet(String)" because "SwiggyTests.SwiggyTest.wwbCopy" is null
at SwiggyTests.SwiggyTest.setValueIntoCell(SwiggyTest.java:146)
at SwiggyTests.SwiggyTest.SwiggyRegister(SwiggyTest.java:60)
at java.base/java.util.ArrayList.forEach(ArrayList.java:1511)
... Removed 27 stack frames]]>
    </failure>
  </testcase> <!-- SwiggyRegister -->
  <testcase classname="SwiggyTests.SwiggyTest" name="SwiggyRegister" time="6.049">
    <failure type="java.lang.NullPointerException" message="Cannot invoke &amp;quot;jxl.write.WritableWorkbook.getSheet(String)&amp;quot; because &amp;quot;SwiggyTests.SwiggyTest.wwbCopy&amp;quot; is null">
      <![CDATA[java.lang.NullPointerException: Cannot invoke "jxl.write.WritableWorkbook.getSheet(String)" because "SwiggyTests.SwiggyTest.wwbCopy" is null
at SwiggyTests.SwiggyTest.setValueIntoCell(SwiggyTest.java:146)
at SwiggyTests.SwiggyTest.SwiggyRegister(SwiggyTest.java:60)
at java.base/java.util.ArrayList.forEach(ArrayList.java:1511)
... Removed 27 stack frames]]>
    </failure>
  </testcase> <!-- SwiggyRegister -->
</testsuite> <!-- EdgeTest -->
